<?xml version="1.0" encoding="UTF-8"?>
<testsuite xmlns:xsi="http://www.w3.org/2001/XMLSchema-instance" xsi:noNamespaceSchemaLocation="https://maven.apache.org/surefire/maven-surefire-plugin/xsd/surefire-test-report-3.0.xsd" version="3.0" name="TestSuite" time="224.132" tests="46" errors="0" skipped="0" failures="0">
  <properties>
[...]
</properties>
  <testcase name="kiemThuDangNhap[standard_user, secret_sauce, THANH_CONG, Dang nhap voi standard_user](1)" classname="tests.TC_DangNhapTest" time="0.802">
    <system-out><![CDATA[=== Test: Dang nhap voi standard_user ===
Username: [standard_user] | Password: [secret_sauce] | Kết quả mong đợi: THANH_CONG
=> KẾT QUẢ: Đăng nhập thành công ✓
]]></system-out>
    <system-err><![CDATA[SLF4J(W): No SLF4J providers were found.
SLF4J(W): Defaulting to no-operation (NOP) logger implementation
SLF4J(W): See https://www.slf4j.org/codes.html#noProviders for further details.
thg 3 03, 2026 3:37:07 CH org.openqa.selenium.devtools.CdpVersionFinder findNearestMatch
WARNING: Unable to find CDP implementation matching 145
thg 3 03, 2026 3:37:07 CH org.openqa.selenium.chromium.ChromiumDriver lambda$new$5
WARNING: Unable to find version of CDP to use for 145.0.7632.117. You may need to include a dependency on a specific version of the CDP using something similar to `org.seleniumhq.selenium:selenium-devtools-v86:4.15.0` where the version ("v86") matches the version of the chromium-based browser you're using and the version number of the artifact is the same as Selenium's.
]]></system-err>
  </testcase>
  <testcase name="kiemThuDangNhap[problem_user, secret_sauce, THANH_CONG, Dang nhap voi problem_user](2)" classname="tests.TC_DangNhapTest" time="0.937">
    <system-out><![CDATA[=== Test: Dang nhap voi problem_user ===
Username: [problem_user] | Password: [secret_sauce] | Kết quả mong đợi: THANH_CONG
=> KẾT QUẢ: Đăng nhập thành công ✓
]]></system-out>
    <system-err><![CDATA[thg 3 03, 2026 3:37:11 CH org.openqa.selenium.devtools.CdpVersionFinder findNearestMatch
WARNING: Unable to find CDP implementation matching 145
thg 3 03, 2026 3:37:11 CH org.openqa.selenium.chromium.ChromiumDriver lambda$new$5
WARNING: Unable to find version of CDP to use for 145.0.7632.117. You may need to include a dependency on a specific version of the CDP using something similar to `org.seleniumhq.selenium:selenium-devtools-v86:4.15.0` where the version ("v86") matches the version of the chromium-based browser you're using and the version number of the artifact is the same as Selenium's.
]]></system-err>
  </testcase>
  <testcase name="kiemThuDangNhap[performance_glitch_user, secret_sauce, THANH_CONG, Dang nhap voi performance_glitch_user](3)" classname="tests.TC_DangNhapTest" time="5.752">
    <system-out><![CDATA[=== Test: Dang nhap voi performance_glitch_user ===
Username: [performance_glitch_user] | Password: [secret_sauce] | Kết quả mong đợi: THANH_CONG
=> KẾT QUẢ: Đăng nhập thành công ✓
]]></system-out>
    <system-err><![CDATA[thg 3 03, 2026 3:37:15 CH org.openqa.selenium.devtools.CdpVersionFinder findNearestMatch
WARNING: Unable to find CDP implementation matching 145
thg 3 03, 2026 3:37:15 CH org.openqa.selenium.chromium.ChromiumDriver lambda$new$5
WARNING: Unable to find version of CDP to use for 145.0.7632.117. You may need to include a dependency on a specific version of the CDP using something similar to `org.seleniumhq.selenium:selenium-devtools-v86:4.15.0` where the version ("v86") matches the version of the chromium-based browser you're using and the version number of the artifact is the same as Selenium's.
]]></system-err>
  </testcase>
  <testcase name="kiemThuDangNhap[error_user, secret_sauce, THANH_CONG, Dang nhap voi error_user](4)" classname="tests.TC_DangNhapTest" time="0.762">
    <system-out><![CDATA[=== Test: Dang nhap voi error_user ===
Username: [error_user] | Password: [secret_sauce] | Kết quả mong đợi: THANH_CONG
=> KẾT QUẢ: Đăng nhập thành công ✓
]]></system-out>
    <system-err><![CDATA[thg 3 03, 2026 3:37:23 CH org.openqa.selenium.devtools.CdpVersionFinder findNearestMatch
WARNING: Unable to find CDP implementation matching 145
thg 3 03, 2026 3:37:23 CH org.openqa.selenium.chromium.ChromiumDriver lambda$new$5
WARNING: Unable to find version of CDP to use for 145.0.7632.117. You may need to include a dependency on a specific version of the CDP using something similar to `org.seleniumhq.selenium:selenium-devtools-v86:4.15.0` where the version ("v86") matches the version of the chromium-based browser you're using and the version number of the artifact is the same as Selenium's.
]]></system-err>
  </testcase>
  <testcase name="kiemThuDangNhap[visual_user, secret_sauce, THANH_CONG, Dang nhap voi visual_user](5)" classname="tests.TC_DangNhapTest" time="0.784">
    <system-out><![CDATA[=== Test: Dang nhap voi visual_user ===
Username: [visual_user] | Password: [secret_sauce] | Kết quả mong đợi: THANH_CONG
=> KẾT QUẢ: Đăng nhập thành công ✓
]]></system-out>
    <system-err><![CDATA[thg 3 03, 2026 3:37:26 CH org.openqa.selenium.devtools.CdpVersionFinder findNearestMatch
WARNING: Unable to find CDP implementation matching 145
thg 3 03, 2026 3:37:26 CH org.openqa.selenium.chromium.ChromiumDriver lambda$new$5
WARNING: Unable to find version of CDP to use for 145.0.7632.117. You may need to include a dependency on a specific version of the CDP using something similar to `org.seleniumhq.selenium:selenium-devtools-v86:4.15.0` where the version ("v86") matches the version of the chromium-based browser you're using and the version number of the artifact is the same as Selenium's.
]]></system-err>
  </testcase>
  <testcase name="kiemThuDangNhap[locked_out_user, secret_sauce, BI_KHOA, Dang nhap voi tai khoan bi khoa](6)" classname="tests.TC_DangNhapTest" time="0.808">
    <system-out><![CDATA[=== Test: Dang nhap voi tai khoan bi khoa ===
Username: [locked_out_user] | Password: [secret_sauce] | Kết quả mong đợi: BI_KHOA
=> KẾT QUẢ: Hiển thị lỗi tài khoản bị khóa ✓ → Epic sadface: Sorry, this user has been locked out.
]]></system-out>
    <system-err><![CDATA[thg 3 03, 2026 3:37:30 CH org.openqa.selenium.devtools.CdpVersionFinder findNearestMatch
WARNING: Unable to find CDP implementation matching 145
thg 3 03, 2026 3:37:30 CH org.openqa.selenium.chromium.ChromiumDriver lambda$new$5
WARNING: Unable to find version of CDP to use for 145.0.7632.117. You may need to include a dependency on a specific version of the CDP using something similar to `org.seleniumhq.selenium:selenium-devtools-v86:4.15.0` where the version ("v86") matches the version of the chromium-based browser you're using and the version number of the artifact is the same as Selenium's.
]]></system-err>
  </testcase>
  <testcase name="kiemThuDangNhap[user_khong_ton_tai, matkhau123, SAI_THONG_TIN, Username khong ton tai](7)" classname="tests.TC_DangNhapTest" time="0.751">
    <system-out><![CDATA[=== Test: Username khong ton tai ===
Username: [user_khong_ton_tai] | Password: [matkhau123] | Kết quả mong đợi: SAI_THONG_TIN
=> KẾT QUẢ: Hiển thị lỗi sai thông tin ✓ → Epic sadface: Username and password do not match any user in this service
]]></system-out>
    <system-err><![CDATA[thg 3 03, 2026 3:37:33 CH org.openqa.selenium.devtools.CdpVersionFinder findNearestMatch
WARNING: Unable to find CDP implementation matching 145
thg 3 03, 2026 3:37:33 CH org.openqa.selenium.chromium.ChromiumDriver lambda$new$5
WARNING: Unable to find version of CDP to use for 145.0.7632.117. You may need to include a dependency on a specific version of the CDP using something similar to `org.seleniumhq.selenium:selenium-devtools-v86:4.15.0` where the version ("v86") matches the version of the chromium-based browser you're using and the version number of the artifact is the same as Selenium's.
]]></system-err>
  </testcase>
  <testcase name="kiemThuDangNhap[standard_user, sai_mat_khau, SAI_THONG_TIN, Password sai cho user hop le](8)" classname="tests.TC_DangNhapTest" time="0.876">
    <system-out><![CDATA[=== Test: Password sai cho user hop le ===
Username: [standard_user] | Password: [sai_mat_khau] | Kết quả mong đợi: SAI_THONG_TIN
=> KẾT QUẢ: Hiển thị lỗi sai thông tin ✓ → Epic sadface: Username and password do not match any user in this service
]]></system-out>
    <system-err><![CDATA[thg 3 03, 2026 3:37:36 CH org.openqa.selenium.devtools.CdpVersionFinder findNearestMatch
WARNING: Unable to find CDP implementation matching 145
thg 3 03, 2026 3:37:36 CH org.openqa.selenium.chromium.ChromiumDriver lambda$new$5
WARNING: Unable to find version of CDP to use for 145.0.7632.117. You may need to include a dependency on a specific version of the CDP using something similar to `org.seleniumhq.selenium:selenium-devtools-v86:4.15.0` where the version ("v86") matches the version of the chromium-based browser you're using and the version number of the artifact is the same as Selenium's.
]]></system-err>
  </testcase>
  <testcase name="kiemThuDangNhap[abc_xyz, xyz_abc, SAI_THONG_TIN, Ca username va password deu sai](9)" classname="tests.TC_DangNhapTest" time="0.799">
    <system-out><![CDATA[=== Test: Ca username va password deu sai ===
Username: [abc_xyz] | Password: [xyz_abc] | Kết quả mong đợi: SAI_THONG_TIN
=> KẾT QUẢ: Hiển thị lỗi sai thông tin ✓ → Epic sadface: Username and password do not match any user in this service
]]></system-out>
    <system-err><![CDATA[thg 3 03, 2026 3:37:40 CH org.openqa.selenium.devtools.CdpVersionFinder findNearestMatch
WARNING: Unable to find CDP implementation matching 145
thg 3 03, 2026 3:37:40 CH org.openqa.selenium.chromium.ChromiumDriver lambda$new$5
WARNING: Unable to find version of CDP to use for 145.0.7632.117. You may need to include a dependency on a specific version of the CDP using something similar to `org.seleniumhq.selenium:selenium-devtools-v86:4.15.0` where the version ("v86") matches the version of the chromium-based browser you're using and the version number of the artifact is the same as Selenium's.
]]></system-err>
  </testcase>
  <testcase name="kiemThuDangNhap[, secret_sauce, TRUONG_TRONG, De trong username](10)" classname="tests.TC_DangNhapTest" time="0.734">
    <system-out><![CDATA[=== Test: De trong username ===
Username: [] | Password: [secret_sauce] | Kết quả mong đợi: TRUONG_TRONG
=> KẾT QUẢ: Hiển thị lỗi trường trống ✓ → Epic sadface: Username is required
]]></system-out>
    <system-err><![CDATA[thg 3 03, 2026 3:37:43 CH org.openqa.selenium.devtools.CdpVersionFinder findNearestMatch
WARNING: Unable to find CDP implementation matching 145
thg 3 03, 2026 3:37:43 CH org.openqa.selenium.chromium.ChromiumDriver lambda$new$5
WARNING: Unable to find version of CDP to use for 145.0.7632.117. You may need to include a dependency on a specific version of the CDP using something similar to `org.seleniumhq.selenium:selenium-devtools-v86:4.15.0` where the version ("v86") matches the version of the chromium-based browser you're using and the version number of the artifact is the same as Selenium's.
]]></system-err>
  </testcase>
  <testcase name="kiemThuDangNhap[standard_user, , TRUONG_TRONG, De trong password](11)" classname="tests.TC_DangNhapTest" time="0.748">
    <system-out><![CDATA[=== Test: De trong password ===
Username: [standard_user] | Password: [] | Kết quả mong đợi: TRUONG_TRONG
=> KẾT QUẢ: Hiển thị lỗi trường trống ✓ → Epic sadface: Password is required
]]></system-out>
    <system-err><![CDATA[thg 3 03, 2026 3:37:46 CH org.openqa.selenium.devtools.CdpVersionFinder findNearestMatch
WARNING: Unable to find CDP implementation matching 145
thg 3 03, 2026 3:37:46 CH org.openqa.selenium.chromium.ChromiumDriver lambda$new$5
WARNING: Unable to find version of CDP to use for 145.0.7632.117. You may need to include a dependency on a specific version of the CDP using something similar to `org.seleniumhq.selenium:selenium-devtools-v86:4.15.0` where the version ("v86") matches the version of the chromium-based browser you're using and the version number of the artifact is the same as Selenium's.
]]></system-err>
  </testcase>
  <testcase name="kiemThuDangNhap[, , TRUONG_TRONG, De trong ca username va password](12)" classname="tests.TC_DangNhapTest" time="0.816">
    <system-out><![CDATA[=== Test: De trong ca username va password ===
Username: [] | Password: [] | Kết quả mong đợi: TRUONG_TRONG
=> KẾT QUẢ: Hiển thị lỗi trường trống ✓ → Epic sadface: Username is required
]]></system-out>
    <system-err><![CDATA[thg 3 03, 2026 3:37:49 CH org.openqa.selenium.devtools.CdpVersionFinder findNearestMatch
WARNING: Unable to find CDP implementation matching 145
thg 3 03, 2026 3:37:49 CH org.openqa.selenium.chromium.ChromiumDriver lambda$new$5
WARNING: Unable to find version of CDP to use for 145.0.7632.117. You may need to include a dependency on a specific version of the CDP using something similar to `org.seleniumhq.selenium:selenium-devtools-v86:4.15.0` where the version ("v86") matches the version of the chromium-based browser you're using and the version number of the artifact is the same as Selenium's.
]]></system-err>
  </testcase>
  <testcase name="kiemThuDangNhap[user@#$%, secret_sauce, SAI_THONG_TIN, Username chua ky tu dac biet @#$%](13)" classname="tests.TC_DangNhapTest" time="0.752">
    <system-out><![CDATA[=== Test: Username chua ky tu dac biet @#$% ===
Username: [user@#$%] | Password: [secret_sauce] | Kết quả mong đợi: SAI_THONG_TIN
=> KẾT QUẢ: Hiển thị lỗi sai thông tin ✓ → Epic sadface: Username and password do not match any user in this service
]]></system-out>
    <system-err><![CDATA[thg 3 03, 2026 3:37:52 CH org.openqa.selenium.devtools.CdpVersionFinder findNearestMatch
WARNING: Unable to find CDP implementation matching 145
thg 3 03, 2026 3:37:52 CH org.openqa.selenium.chromium.ChromiumDriver lambda$new$5
WARNING: Unable to find version of CDP to use for 145.0.7632.117. You may need to include a dependency on a specific version of the CDP using something similar to `org.seleniumhq.selenium:selenium-devtools-v86:4.15.0` where the version ("v86") matches the version of the chromium-based browser you're using and the version number of the artifact is the same as Selenium's.
]]></system-err>
  </testcase>
  <testcase name="kiemThuDangNhap[&lt;script&gt;alert(1)&lt;/script&gt;, secret_sauce, SAI_THONG_TIN, Username chua the script (XSS)](14)" classname="tests.TC_DangNhapTest" time="0.749">
    <system-out><![CDATA[=== Test: Username chua the script (XSS) ===
Username: [<script>alert(1)</script>] | Password: [secret_sauce] | Kết quả mong đợi: SAI_THONG_TIN
=> KẾT QUẢ: Hiển thị lỗi sai thông tin ✓ → Epic sadface: Username and password do not match any user in this service
]]></system-out>
    <system-err><![CDATA[thg 3 03, 2026 3:37:55 CH org.openqa.selenium.devtools.CdpVersionFinder findNearestMatch
WARNING: Unable to find CDP implementation matching 145
thg 3 03, 2026 3:37:55 CH org.openqa.selenium.chromium.ChromiumDriver lambda$new$5
WARNING: Unable to find version of CDP to use for 145.0.7632.117. You may need to include a dependency on a specific version of the CDP using something similar to `org.seleniumhq.selenium:selenium-devtools-v86:4.15.0` where the version ("v86") matches the version of the chromium-based browser you're using and the version number of the artifact is the same as Selenium's.
]]></system-err>
  </testcase>
  <testcase name="kiemThuDangNhap[user&apos;OR&apos;1&apos;=&apos;1, secret_sauce, SAI_THONG_TIN, Username chua SQL injection](15)" classname="tests.TC_DangNhapTest" time="0.727">
    <system-out><![CDATA[=== Test: Username chua SQL injection ===
Username: [user'OR'1'='1] | Password: [secret_sauce] | Kết quả mong đợi: SAI_THONG_TIN
=> KẾT QUẢ: Hiển thị lỗi sai thông tin ✓ → Epic sadface: Username and password do not match any user in this service
]]></system-out>
    <system-err><![CDATA[thg 3 03, 2026 3:37:58 CH org.openqa.selenium.devtools.CdpVersionFinder findNearestMatch
WARNING: Unable to find CDP implementation matching 145
thg 3 03, 2026 3:37:58 CH org.openqa.selenium.chromium.ChromiumDriver lambda$new$5
WARNING: Unable to find version of CDP to use for 145.0.7632.117. You may need to include a dependency on a specific version of the CDP using something similar to `org.seleniumhq.selenium:selenium-devtools-v86:4.15.0` where the version ("v86") matches the version of the chromium-based browser you're using and the version number of the artifact is the same as Selenium's.
]]></system-err>
  </testcase>
  <testcase name="kiemThuDangNhap[ standard_user, secret_sauce, SAI_THONG_TIN, Username co khoang trang dau](16)" classname="tests.TC_DangNhapTest" time="0.827">
    <system-out><![CDATA[=== Test: Username co khoang trang dau ===
Username: [ standard_user] | Password: [secret_sauce] | Kết quả mong đợi: SAI_THONG_TIN
=> KẾT QUẢ: Hiển thị lỗi sai thông tin ✓ → Epic sadface: Username and password do not match any user in this service
]]></system-out>
    <system-err><![CDATA[thg 3 03, 2026 3:38:01 CH org.openqa.selenium.devtools.CdpVersionFinder findNearestMatch
WARNING: Unable to find CDP implementation matching 145
thg 3 03, 2026 3:38:01 CH org.openqa.selenium.chromium.ChromiumDriver lambda$new$5
WARNING: Unable to find version of CDP to use for 145.0.7632.117. You may need to include a dependency on a specific version of the CDP using something similar to `org.seleniumhq.selenium:selenium-devtools-v86:4.15.0` where the version ("v86") matches the version of the chromium-based browser you're using and the version number of the artifact is the same as Selenium's.
]]></system-err>
  </testcase>
  <testcase name="kiemThuDangNhap[standard_user , secret_sauce, SAI_THONG_TIN, Username co khoang trang cuoi](17)" classname="tests.TC_DangNhapTest" time="0.74">
    <system-out><![CDATA[=== Test: Username co khoang trang cuoi ===
Username: [standard_user ] | Password: [secret_sauce] | Kết quả mong đợi: SAI_THONG_TIN
=> KẾT QUẢ: Hiển thị lỗi sai thông tin ✓ → Epic sadface: Username and password do not match any user in this service
]]></system-out>
    <system-err><![CDATA[thg 3 03, 2026 3:38:05 CH org.openqa.selenium.devtools.CdpVersionFinder findNearestMatch
WARNING: Unable to find CDP implementation matching 145
thg 3 03, 2026 3:38:05 CH org.openqa.selenium.chromium.ChromiumDriver lambda$new$5
WARNING: Unable to find version of CDP to use for 145.0.7632.117. You may need to include a dependency on a specific version of the CDP using something similar to `org.seleniumhq.selenium:selenium-devtools-v86:4.15.0` where the version ("v86") matches the version of the chromium-based browser you're using and the version number of the artifact is the same as Selenium's.
]]></system-err>
  </testcase>
  <testcase name="kiemThuDangNhap[ standard_user , secret_sauce, SAI_THONG_TIN, Username co khoang trang dau va cuoi](18)" classname="tests.TC_DangNhapTest" time="0.808">
    <system-out><![CDATA[=== Test: Username co khoang trang dau va cuoi ===
Username: [ standard_user ] | Password: [secret_sauce] | Kết quả mong đợi: SAI_THONG_TIN
=> KẾT QUẢ: Hiển thị lỗi sai thông tin ✓ → Epic sadface: Username and password do not match any user in this service
]]></system-out>
    <system-err><![CDATA[thg 3 03, 2026 3:38:08 CH org.openqa.selenium.devtools.CdpVersionFinder findNearestMatch
WARNING: Unable to find CDP implementation matching 145
thg 3 03, 2026 3:38:08 CH org.openqa.selenium.chromium.ChromiumDriver lambda$new$5
WARNING: Unable to find version of CDP to use for 145.0.7632.117. You may need to include a dependency on a specific version of the CDP using something similar to `org.seleniumhq.selenium:selenium-devtools-v86:4.15.0` where the version ("v86") matches the version of the chromium-based browser you're using and the version number of the artifact is the same as Selenium's.
]]></system-err>
  </testcase>
  <testcase name="kiemThuDangNhap[null, secret_sauce, TRUONG_TRONG, Username la null](19)" classname="tests.TC_DangNhapTest" time="0.715">
    <system-out><![CDATA[=== Test: Username la null ===
Username: [null] | Password: [secret_sauce] | Kết quả mong đợi: TRUONG_TRONG
=> KẾT QUẢ: Hiển thị lỗi trường trống ✓ → Epic sadface: Username is required
]]></system-out>
    <system-err><![CDATA[thg 3 03, 2026 3:38:11 CH org.openqa.selenium.devtools.CdpVersionFinder findNearestMatch
WARNING: Unable to find CDP implementation matching 145
thg 3 03, 2026 3:38:11 CH org.openqa.selenium.chromium.ChromiumDriver lambda$new$5
WARNING: Unable to find version of CDP to use for 145.0.7632.117. You may need to include a dependency on a specific version of the CDP using something similar to `org.seleniumhq.selenium:selenium-devtools-v86:4.15.0` where the version ("v86") matches the version of the chromium-based browser you're using and the version number of the artifact is the same as Selenium's.
]]></system-err>
  </testcase>
  <testcase name="kiemThuDangNhap[standard_user, null, TRUONG_TRONG, Password la null](20)" classname="tests.TC_DangNhapTest" time="0.754">
    <system-out><![CDATA[=== Test: Password la null ===
Username: [standard_user] | Password: [null] | Kết quả mong đợi: TRUONG_TRONG
=> KẾT QUẢ: Hiển thị lỗi trường trống ✓ → Epic sadface: Password is required
]]></system-out>
    <system-err><![CDATA[thg 3 03, 2026 3:38:14 CH org.openqa.selenium.devtools.CdpVersionFinder findNearestMatch
WARNING: Unable to find CDP implementation matching 145
thg 3 03, 2026 3:38:14 CH org.openqa.selenium.chromium.ChromiumDriver lambda$new$5
WARNING: Unable to find version of CDP to use for 145.0.7632.117. You may need to include a dependency on a specific version of the CDP using something similar to `org.seleniumhq.selenium:selenium-devtools-v86:4.15.0` where the version ("v86") matches the version of the chromium-based browser you're using and the version number of the artifact is the same as Selenium's.
]]></system-err>
  </testcase>
  <testcase name="kiemThuDangNhap[null, null, TRUONG_TRONG, Ca username va password la null](21)" classname="tests.TC_DangNhapTest" time="0.652">
    <system-out><![CDATA[=== Test: Ca username va password la null ===
Username: [null] | Password: [null] | Kết quả mong đợi: TRUONG_TRONG
=> KẾT QUẢ: Hiển thị lỗi trường trống ✓ → Epic sadface: Username is required
]]></system-out>
    <system-err><![CDATA[thg 3 03, 2026 3:38:17 CH org.openqa.selenium.devtools.CdpVersionFinder findNearestMatch
WARNING: Unable to find CDP implementation matching 145
thg 3 03, 2026 3:38:17 CH org.openqa.selenium.chromium.ChromiumDriver lambda$new$5
WARNING: Unable to find version of CDP to use for 145.0.7632.117. You may need to include a dependency on a specific version of the CDP using something similar to `org.seleniumhq.selenium:selenium-devtools-v86:4.15.0` where the version ("v86") matches the version of the chromium-based browser you're using and the version number of the artifact is the same as Selenium's.
]]></system-err>
  </testcase>
  <testcase name="cancelStep1" classname="tests.TC_GioHangTest" time="0.234">
    <system-err><![CDATA[thg 3 03, 2026 3:38:20 CH org.openqa.selenium.devtools.CdpVersionFinder findNearestMatch
WARNING: Unable to find CDP implementation matching 145
thg 3 03, 2026 3:38:20 CH org.openqa.selenium.chromium.ChromiumDriver lambda$new$5
WARNING: Unable to find version of CDP to use for 145.0.7632.117. You may need to include a dependency on a specific version of the CDP using something similar to `org.seleniumhq.selenium:selenium-devtools-v86:4.15.0` where the version ("v86") matches the version of the chromium-based browser you're using and the version number of the artifact is the same as Selenium's.
]]></system-err>
  </testcase>
  <testcase name="cancelStep2" classname="tests.TC_GioHangTest" time="1.052">
    <system-err><![CDATA[thg 3 03, 2026 3:38:24 CH org.openqa.selenium.devtools.CdpVersionFinder findNearestMatch
WARNING: Unable to find CDP implementation matching 145
thg 3 03, 2026 3:38:24 CH org.openqa.selenium.chromium.ChromiumDriver lambda$new$5
WARNING: Unable to find version of CDP to use for 145.0.7632.117. You may need to include a dependency on a specific version of the CDP using something similar to `org.seleniumhq.selenium:selenium-devtools-v86:4.15.0` where the version ("v86") matches the version of the chromium-based browser you're using and the version number of the artifact is the same as Selenium's.
]]></system-err>
  </testcase>
  <testcase name="checkoutThanhCong" classname="tests.TC_GioHangTest" time="1.51">
    <system-err><![CDATA[thg 3 03, 2026 3:38:28 CH org.openqa.selenium.devtools.CdpVersionFinder findNearestMatch
WARNING: Unable to find CDP implementation matching 145
thg 3 03, 2026 3:38:28 CH org.openqa.selenium.chromium.ChromiumDriver lambda$new$5
WARNING: Unable to find version of CDP to use for 145.0.7632.117. You may need to include a dependency on a specific version of the CDP using something similar to `org.seleniumhq.selenium:selenium-devtools-v86:4.15.0` where the version ("v86") matches the version of the chromium-based browser you're using and the version number of the artifact is the same as Selenium's.
]]></system-err>
  </testcase>
  <testcase name="checkoutTrongFirstName" classname="tests.TC_GioHangTest" time="1.017">
    <system-err><![CDATA[thg 3 03, 2026 3:38:34 CH org.openqa.selenium.devtools.CdpVersionFinder findNearestMatch
WARNING: Unable to find CDP implementation matching 145
thg 3 03, 2026 3:38:34 CH org.openqa.selenium.chromium.ChromiumDriver lambda$new$5
WARNING: Unable to find version of CDP to use for 145.0.7632.117. You may need to include a dependency on a specific version of the CDP using something similar to `org.seleniumhq.selenium:selenium-devtools-v86:4.15.0` where the version ("v86") matches the version of the chromium-based browser you're using and the version number of the artifact is the same as Selenium's.
]]></system-err>
  </testcase>
  <testcase name="checkoutTrongLastName" classname="tests.TC_GioHangTest" time="1.001">
    <system-err><![CDATA[thg 3 03, 2026 3:38:38 CH org.openqa.selenium.devtools.CdpVersionFinder findNearestMatch
WARNING: Unable to find CDP implementation matching 145
thg 3 03, 2026 3:38:38 CH org.openqa.selenium.chromium.ChromiumDriver lambda$new$5
WARNING: Unable to find version of CDP to use for 145.0.7632.117. You may need to include a dependency on a specific version of the CDP using something similar to `org.seleniumhq.selenium:selenium-devtools-v86:4.15.0` where the version ("v86") matches the version of the chromium-based browser you're using and the version number of the artifact is the same as Selenium's.
]]></system-err>
  </testcase>
  <testcase name="checkoutTrongPostalCode" classname="tests.TC_GioHangTest" time="0.959">
    <system-err><![CDATA[thg 3 03, 2026 3:38:43 CH org.openqa.selenium.devtools.CdpVersionFinder findNearestMatch
WARNING: Unable to find CDP implementation matching 145
thg 3 03, 2026 3:38:43 CH org.openqa.selenium.chromium.ChromiumDriver lambda$new$5
WARNING: Unable to find version of CDP to use for 145.0.7632.117. You may need to include a dependency on a specific version of the CDP using something similar to `org.seleniumhq.selenium:selenium-devtools-v86:4.15.0` where the version ("v86") matches the version of the chromium-based browser you're using and the version number of the artifact is the same as Selenium's.
]]></system-err>
  </testcase>
  <testcase name="checkoutTrongTatCa" classname="tests.TC_GioHangTest" time="1.169">
    <system-err><![CDATA[thg 3 03, 2026 3:38:47 CH org.openqa.selenium.devtools.CdpVersionFinder findNearestMatch
WARNING: Unable to find CDP implementation matching 145
thg 3 03, 2026 3:38:47 CH org.openqa.selenium.chromium.ChromiumDriver lambda$new$5
WARNING: Unable to find version of CDP to use for 145.0.7632.117. You may need to include a dependency on a specific version of the CDP using something similar to `org.seleniumhq.selenium:selenium-devtools-v86:4.15.0` where the version ("v86") matches the version of the chromium-based browser you're using and the version number of the artifact is the same as Selenium's.
]]></system-err>
  </testcase>
  <testcase name="continueShopping" classname="tests.TC_GioHangTest" time="0.49">
    <system-err><![CDATA[thg 3 03, 2026 3:38:51 CH org.openqa.selenium.devtools.CdpVersionFinder findNearestMatch
WARNING: Unable to find CDP implementation matching 145
thg 3 03, 2026 3:38:51 CH org.openqa.selenium.chromium.ChromiumDriver lambda$new$5
WARNING: Unable to find version of CDP to use for 145.0.7632.117. You may need to include a dependency on a specific version of the CDP using something similar to `org.seleniumhq.selenium:selenium-devtools-v86:4.15.0` where the version ("v86") matches the version of the chromium-based browser you're using and the version number of the artifact is the same as Selenium's.
]]></system-err>
  </testcase>
  <testcase name="kiemTraShippingInfo" classname="tests.TC_GioHangTest" time="0.966">
    <system-out><![CDATA[Shipping info: Free Pony Express Delivery!
]]></system-out>
    <system-err><![CDATA[thg 3 03, 2026 3:38:54 CH org.openqa.selenium.devtools.CdpVersionFinder findNearestMatch
WARNING: Unable to find CDP implementation matching 145
thg 3 03, 2026 3:38:54 CH org.openqa.selenium.chromium.ChromiumDriver lambda$new$5
WARNING: Unable to find version of CDP to use for 145.0.7632.117. You may need to include a dependency on a specific version of the CDP using something similar to `org.seleniumhq.selenium:selenium-devtools-v86:4.15.0` where the version ("v86") matches the version of the chromium-based browser you're using and the version number of the artifact is the same as Selenium's.
]]></system-err>
  </testcase>
  <testcase name="kiemTraTongTien" classname="tests.TC_GioHangTest" time="1.162">
    <system-out><![CDATA[Item Total: $47.97
Tax: $3.84
Total: $51.81
Tong gia mong doi: $47.97
]]></system-out>
    <system-err><![CDATA[thg 3 03, 2026 3:38:59 CH org.openqa.selenium.devtools.CdpVersionFinder findNearestMatch
WARNING: Unable to find CDP implementation matching 145
thg 3 03, 2026 3:38:59 CH org.openqa.selenium.chromium.ChromiumDriver lambda$new$5
WARNING: Unable to find version of CDP to use for 145.0.7632.117. You may need to include a dependency on a specific version of the CDP using something similar to `org.seleniumhq.selenium:selenium-devtools-v86:4.15.0` where the version ("v86") matches the version of the chromium-based browser you're using and the version number of the artifact is the same as Selenium's.
]]></system-err>
  </testcase>
  <testcase name="kiemTraTongTienTatCaSanPham" classname="tests.TC_GioHangTest" time="1.266">
    <system-err><![CDATA[thg 3 03, 2026 3:39:04 CH org.openqa.selenium.devtools.CdpVersionFinder findNearestMatch
WARNING: Unable to find CDP implementation matching 145
thg 3 03, 2026 3:39:04 CH org.openqa.selenium.chromium.ChromiumDriver lambda$new$5
WARNING: Unable to find version of CDP to use for 145.0.7632.117. You may need to include a dependency on a specific version of the CDP using something similar to `org.seleniumhq.selenium:selenium-devtools-v86:4.15.0` where the version ("v86") matches the version of the chromium-based browser you're using and the version number of the artifact is the same as Selenium's.
]]></system-err>
  </testcase>
  <testcase name="kiemTraVoiProblemUser" classname="tests.TC_GioHangTest" time="1.327">
    <system-out><![CDATA[[PROBLEM_USER] Badge sau khi them 1 SP: 1
[PROBLEM_USER] So item trong gio: 1
]]></system-out>
    <system-err><![CDATA[thg 3 03, 2026 3:39:08 CH org.openqa.selenium.devtools.CdpVersionFinder findNearestMatch
WARNING: Unable to find CDP implementation matching 145
thg 3 03, 2026 3:39:08 CH org.openqa.selenium.chromium.ChromiumDriver lambda$new$5
WARNING: Unable to find version of CDP to use for 145.0.7632.117. You may need to include a dependency on a specific version of the CDP using something similar to `org.seleniumhq.selenium:selenium-devtools-v86:4.15.0` where the version ("v86") matches the version of the chromium-based browser you're using and the version number of the artifact is the same as Selenium's.
]]></system-err>
  </testcase>
  <testcase name="sauHoanThanhGioHangReset" classname="tests.TC_GioHangTest" time="11.632">
    <system-err><![CDATA[thg 3 03, 2026 3:39:12 CH org.openqa.selenium.devtools.CdpVersionFinder findNearestMatch
WARNING: Unable to find CDP implementation matching 145
thg 3 03, 2026 3:39:12 CH org.openqa.selenium.chromium.ChromiumDriver lambda$new$5
WARNING: Unable to find version of CDP to use for 145.0.7632.117. You may need to include a dependency on a specific version of the CDP using something similar to `org.seleniumhq.selenium:selenium-devtools-v86:4.15.0` where the version ("v86") matches the version of the chromium-based browser you're using and the version number of the artifact is the same as Selenium's.
]]></system-err>
  </testcase>
  <testcase name="sortGiaGiamDan" classname="tests.TC_GioHangTest" time="0.132">
    <system-err><![CDATA[thg 3 03, 2026 3:39:27 CH org.openqa.selenium.devtools.CdpVersionFinder findNearestMatch
WARNING: Unable to find CDP implementation matching 145
thg 3 03, 2026 3:39:27 CH org.openqa.selenium.chromium.ChromiumDriver lambda$new$5
WARNING: Unable to find version of CDP to use for 145.0.7632.117. You may need to include a dependency on a specific version of the CDP using something similar to `org.seleniumhq.selenium:selenium-devtools-v86:4.15.0` where the version ("v86") matches the version of the chromium-based browser you're using and the version number of the artifact is the same as Selenium's.
]]></system-err>
  </testcase>
  <testcase name="sortGiaTangDan" classname="tests.TC_GioHangTest" time="0.118">
    <system-err><![CDATA[thg 3 03, 2026 3:39:30 CH org.openqa.selenium.devtools.CdpVersionFinder findNearestMatch
WARNING: Unable to find CDP implementation matching 145
thg 3 03, 2026 3:39:30 CH org.openqa.selenium.chromium.ChromiumDriver lambda$new$5
WARNING: Unable to find version of CDP to use for 145.0.7632.117. You may need to include a dependency on a specific version of the CDP using something similar to `org.seleniumhq.selenium:selenium-devtools-v86:4.15.0` where the version ("v86") matches the version of the chromium-based browser you're using and the version number of the artifact is the same as Selenium's.
]]></system-err>
  </testcase>
  <testcase name="sortTenAZ" classname="tests.TC_GioHangTest" time="0.103">
    <system-err><![CDATA[thg 3 03, 2026 3:39:34 CH org.openqa.selenium.devtools.CdpVersionFinder findNearestMatch
WARNING: Unable to find CDP implementation matching 145
thg 3 03, 2026 3:39:34 CH org.openqa.selenium.chromium.ChromiumDriver lambda$new$5
WARNING: Unable to find version of CDP to use for 145.0.7632.117. You may need to include a dependency on a specific version of the CDP using something similar to `org.seleniumhq.selenium:selenium-devtools-v86:4.15.0` where the version ("v86") matches the version of the chromium-based browser you're using and the version number of the artifact is the same as Selenium's.
]]></system-err>
  </testcase>
  <testcase name="sortTenZA" classname="tests.TC_GioHangTest" time="0.141">
    <system-err><![CDATA[thg 3 03, 2026 3:39:37 CH org.openqa.selenium.devtools.CdpVersionFinder findNearestMatch
WARNING: Unable to find CDP implementation matching 145
thg 3 03, 2026 3:39:37 CH org.openqa.selenium.chromium.ChromiumDriver lambda$new$5
WARNING: Unable to find version of CDP to use for 145.0.7632.117. You may need to include a dependency on a specific version of the CDP using something similar to `org.seleniumhq.selenium:selenium-devtools-v86:4.15.0` where the version ("v86") matches the version of the chromium-based browser you're using and the version number of the artifact is the same as Selenium's.
]]></system-err>
  </testcase>
  <testcase name="them3SanPham" classname="tests.TC_GioHangTest" time="0.182">
    <system-err><![CDATA[thg 3 03, 2026 3:39:40 CH org.openqa.selenium.devtools.CdpVersionFinder findNearestMatch
WARNING: Unable to find CDP implementation matching 145
thg 3 03, 2026 3:39:40 CH org.openqa.selenium.chromium.ChromiumDriver lambda$new$5
WARNING: Unable to find version of CDP to use for 145.0.7632.117. You may need to include a dependency on a specific version of the CDP using something similar to `org.seleniumhq.selenium:selenium-devtools-v86:4.15.0` where the version ("v86") matches the version of the chromium-based browser you're using and the version number of the artifact is the same as Selenium's.
]]></system-err>
  </testcase>
  <testcase name="themMotSanPham" classname="tests.TC_GioHangTest" time="0.088">
    <system-err><![CDATA[thg 3 03, 2026 3:39:44 CH org.openqa.selenium.devtools.CdpVersionFinder findNearestMatch
WARNING: Unable to find CDP implementation matching 145
thg 3 03, 2026 3:39:44 CH org.openqa.selenium.chromium.ChromiumDriver lambda$new$5
WARNING: Unable to find version of CDP to use for 145.0.7632.117. You may need to include a dependency on a specific version of the CDP using something similar to `org.seleniumhq.selenium:selenium-devtools-v86:4.15.0` where the version ("v86") matches the version of the chromium-based browser you're using and the version number of the artifact is the same as Selenium's.
]]></system-err>
  </testcase>
  <testcase name="themNhieuSanPhamKiemTraDanhSach" classname="tests.TC_GioHangTest" time="0.227">
    <system-err><![CDATA[thg 3 03, 2026 3:39:47 CH org.openqa.selenium.devtools.CdpVersionFinder findNearestMatch
WARNING: Unable to find CDP implementation matching 145
thg 3 03, 2026 3:39:47 CH org.openqa.selenium.chromium.ChromiumDriver lambda$new$5
WARNING: Unable to find version of CDP to use for 145.0.7632.117. You may need to include a dependency on a specific version of the CDP using something similar to `org.seleniumhq.selenium:selenium-devtools-v86:4.15.0` where the version ("v86") matches the version of the chromium-based browser you're using and the version number of the artifact is the same as Selenium's.
]]></system-err>
  </testcase>
  <testcase name="themSanPhamTheoTenKiemTraGio" classname="tests.TC_GioHangTest" time="0.141">
    <system-err><![CDATA[thg 3 03, 2026 3:39:51 CH org.openqa.selenium.devtools.CdpVersionFinder findNearestMatch
WARNING: Unable to find CDP implementation matching 145
thg 3 03, 2026 3:39:51 CH org.openqa.selenium.chromium.ChromiumDriver lambda$new$5
WARNING: Unable to find version of CDP to use for 145.0.7632.117. You may need to include a dependency on a specific version of the CDP using something similar to `org.seleniumhq.selenium:selenium-devtools-v86:4.15.0` where the version ("v86") matches the version of the chromium-based browser you're using and the version number of the artifact is the same as Selenium's.
]]></system-err>
  </testcase>
  <testcase name="themTatCa6SanPham" classname="tests.TC_GioHangTest" time="0.274">
    <system-err><![CDATA[thg 3 03, 2026 3:39:55 CH org.openqa.selenium.devtools.CdpVersionFinder findNearestMatch
WARNING: Unable to find CDP implementation matching 145
thg 3 03, 2026 3:39:55 CH org.openqa.selenium.chromium.ChromiumDriver lambda$new$5
WARNING: Unable to find version of CDP to use for 145.0.7632.117. You may need to include a dependency on a specific version of the CDP using something similar to `org.seleniumhq.selenium:selenium-devtools-v86:4.15.0` where the version ("v86") matches the version of the chromium-based browser you're using and the version number of the artifact is the same as Selenium's.
]]></system-err>
  </testcase>
  <testcase name="xoaHetKiemTraCheckoutButton" classname="tests.TC_GioHangTest" time="10.41">
    <system-err><![CDATA[thg 3 03, 2026 3:39:58 CH org.openqa.selenium.devtools.CdpVersionFinder findNearestMatch
WARNING: Unable to find CDP implementation matching 145
thg 3 03, 2026 3:39:58 CH org.openqa.selenium.chromium.ChromiumDriver lambda$new$5
WARNING: Unable to find version of CDP to use for 145.0.7632.117. You may need to include a dependency on a specific version of the CDP using something similar to `org.seleniumhq.selenium:selenium-devtools-v86:4.15.0` where the version ("v86") matches the version of the chromium-based browser you're using and the version number of the artifact is the same as Selenium's.
]]></system-err>
  </testcase>
  <testcase name="xoaHetSanPham" classname="tests.TC_GioHangTest" time="30.44">
    <system-err><![CDATA[thg 3 03, 2026 3:40:12 CH org.openqa.selenium.devtools.CdpVersionFinder findNearestMatch
WARNING: Unable to find CDP implementation matching 145
thg 3 03, 2026 3:40:12 CH org.openqa.selenium.chromium.ChromiumDriver lambda$new$5
WARNING: Unable to find version of CDP to use for 145.0.7632.117. You may need to include a dependency on a specific version of the CDP using something similar to `org.seleniumhq.selenium:selenium-devtools-v86:4.15.0` where the version ("v86") matches the version of the chromium-based browser you're using and the version number of the artifact is the same as Selenium's.
]]></system-err>
  </testcase>
  <testcase name="xoaMotSanPham" classname="tests.TC_GioHangTest" time="0.31">
    <system-err><![CDATA[thg 3 03, 2026 3:40:47 CH org.openqa.selenium.devtools.CdpVersionFinder findNearestMatch
WARNING: Unable to find CDP implementation matching 145
thg 3 03, 2026 3:40:47 CH org.openqa.selenium.chromium.ChromiumDriver lambda$new$5
WARNING: Unable to find version of CDP to use for 145.0.7632.117. You may need to include a dependency on a specific version of the CDP using something similar to `org.seleniumhq.selenium:selenium-devtools-v86:4.15.0` where the version ("v86") matches the version of the chromium-based browser you're using and the version number of the artifact is the same as Selenium's.
]]></system-err>
  </testcase>
</testsuite>