<?xml version="1.0" encoding="UTF-8"?>
<testsuite xmlns:xsi="http://www.w3.org/2001/XMLSchema-instance" xsi:noNamespaceSchemaLocation="https://maven.apache.org/surefire/maven-surefire-plugin/xsd/surefire-test-report.xsd" name="fpoly.junit.JUnitTest" time="0.045" tests="3" errors="0" skipped="0" failures="0">
  <properties>
[...]
</properties>
  <testcase name="testPrintMessage" classname="fpoly.junit.SuiteTest1" time="0.007"/>
  <testcase name="testHiMessage" classname="fpoly.junit.SuiteTest2" time="0.001"/>
  <testcase name="createAndSetName" classname="fpoly.junit.SuiteTest2" time="0"/>
</testsuite>