<?xml version="1.0" encoding="UTF-8"?>
<!-- Generated by org.testng.reporters.JUnitXMLReporter -->
<testsuite ignored="0" hostname="DESKTOP-O85R3FE" failures="1" tests="1" name="Flaky Tests" time="0.04" errors="0" timestamp="2026-03-17T14:45:46 ICT">
  <testcase classname="tests.FlakySimulationTest" name="testFlakyScenario" time="0.003">
    <failure type="java.lang.AssertionError" message="Mô phỏng lỗi mạng tạm thời — lần 1">
      <![CDATA[java.lang.AssertionError: Mô phỏng lỗi mạng tạm thời — lần 1
at tests.FlakySimulationTest.testFlakyScenario(FlakySimulationTest.java:17)
at java.base/java.util.ArrayList.forEach(ArrayList.java:1596)
... Removed 30 stack frames]]>
    </failure>
  </testcase> <!-- testFlakyScenario -->
</testsuite> <!-- Flaky Tests -->
