<?xml version="1.0" encoding="UTF-8"?>
<testng-results ignored="0" total="7" passed="7" failed="0" skipped="0">
  <reporter-output>
  </reporter-output>
  <suite started-at="2026-03-17T14:28:19 ICT" name="Surefire suite" finished-at="2026-03-17T14:28:45 ICT" duration-ms="25718">
    <groups>
    </groups>
    <test started-at="2026-03-17T14:28:19 ICT" name="Surefire test" finished-at="2026-03-17T14:28:45 ICT" duration-ms="25718">
      <class name="tests.UserLoginTest">
        <test-method is-config="true" signature="setup()[pri:0, instance:tests.UserLoginTest@2b6faea6]" started-at="2026-03-17T14:28:27 ICT" name="setup" test-instance-name="testLoginWithJson - Empty password" finished-at="2026-03-17T14:28:30 ICT" duration-ms="2697" status="PASS">
          <reporter-output>
          </reporter-output>
        </test-method> <!-- setup -->
        <test-method is-config="true" signature="setTestName(java.lang.reflect.Method,[Ljava.lang.Object;)[pri:0, instance:tests.UserLoginTest@2b6faea6]" started-at="2026-03-17T14:28:30 ICT" name="setTestName" test-instance-name="testLoginWithJson - Empty password" finished-at="2026-03-17T14:28:30 ICT" duration-ms="5" status="PASS">
          <params>
            <param index="0">
              <value>
                <![CDATA[public void tests.UserLoginTest.testLoginWithJson(models.UserData)]]>
              </value>
            </param>
            <param index="1">
              <value>
                <![CDATA[[Ljava.lang.Object;@1b3ab4f9]]>
              </value>
            </param>
          </params>
          <reporter-output>
          </reporter-output>
        </test-method> <!-- setTestName -->
        <test-method signature="testLoginWithJson(models.UserData)[pri:0, instance:tests.UserLoginTest@2b6faea6]" started-at="2026-03-17T14:28:30 ICT" name="testLoginWithJson" data-provider="userData" test-instance-name="testLoginWithJson - Empty password" finished-at="2026-03-17T14:28:31 ICT" duration-ms="1373" status="PASS">
          <params>
            <param index="0">
              <value>
                <![CDATA[UserData{username='student', role='admin', expectSuccess=true}]]>
              </value>
            </param>
          </params>
          <reporter-output>
          </reporter-output>
        </test-method> <!-- testLoginWithJson -->
        <test-method is-config="true" signature="teardown()[pri:0, instance:tests.UserLoginTest@2b6faea6]" started-at="2026-03-17T14:28:31 ICT" name="teardown" test-instance-name="testLoginWithJson - Empty password" finished-at="2026-03-17T14:28:31 ICT" duration-ms="179" status="PASS">
          <reporter-output>
          </reporter-output>
        </test-method> <!-- teardown -->
        <test-method is-config="true" signature="setup()[pri:0, instance:tests.UserLoginTest@2b6faea6]" started-at="2026-03-17T14:28:31 ICT" name="setup" test-instance-name="testLoginWithJson - Empty password" finished-at="2026-03-17T14:28:34 ICT" duration-ms="2903" status="PASS">
          <reporter-output>
          </reporter-output>
        </test-method> <!-- setup -->
        <test-method is-config="true" signature="setTestName(java.lang.reflect.Method,[Ljava.lang.Object;)[pri:0, instance:tests.UserLoginTest@2b6faea6]" started-at="2026-03-17T14:28:34 ICT" name="setTestName" test-instance-name="testLoginWithJson - Empty password" finished-at="2026-03-17T14:28:34 ICT" duration-ms="1" status="PASS">
          <params>
            <param index="0">
              <value>
                <![CDATA[public void tests.UserLoginTest.testLoginWithJson(models.UserData)]]>
              </value>
            </param>
            <param index="1">
              <value>
                <![CDATA[[Ljava.lang.Object;@5c6a5192]]>
              </value>
            </param>
          </params>
          <reporter-output>
          </reporter-output>
        </test-method> <!-- setTestName -->
        <test-method signature="testLoginWithJson(models.UserData)[pri:0, instance:tests.UserLoginTest@2b6faea6]" started-at="2026-03-17T14:28:34 ICT" name="testLoginWithJson" data-provider="userData" test-instance-name="testLoginWithJson - Empty password" finished-at="2026-03-17T14:28:35 ICT" duration-ms="336" status="PASS">
          <params>
            <param index="0">
              <value>
                <![CDATA[UserData{username='incorrectUser', role='user', expectSuccess=false}]]>
              </value>
            </param>
          </params>
          <reporter-output>
          </reporter-output>
        </test-method> <!-- testLoginWithJson -->
        <test-method is-config="true" signature="teardown()[pri:0, instance:tests.UserLoginTest@2b6faea6]" started-at="2026-03-17T14:28:35 ICT" name="teardown" test-instance-name="testLoginWithJson - Empty password" finished-at="2026-03-17T14:28:35 ICT" duration-ms="136" status="PASS">
          <reporter-output>
          </reporter-output>
        </test-method> <!-- teardown -->
        <test-method is-config="true" signature="setup()[pri:0, instance:tests.UserLoginTest@2b6faea6]" started-at="2026-03-17T14:28:35 ICT" name="setup" test-instance-name="testLoginWithJson - Empty password" finished-at="2026-03-17T14:28:38 ICT" duration-ms="2891" status="PASS">
          <reporter-output>
          </reporter-output>
        </test-method> <!-- setup -->
        <test-method is-config="true" signature="setTestName(java.lang.reflect.Method,[Ljava.lang.Object;)[pri:0, instance:tests.UserLoginTest@2b6faea6]" started-at="2026-03-17T14:28:38 ICT" name="setTestName" test-instance-name="testLoginWithJson - Empty password" finished-at="2026-03-17T14:28:38 ICT" duration-ms="1" status="PASS">
          <params>
            <param index="0">
              <value>
                <![CDATA[public void tests.UserLoginTest.testLoginWithJson(models.UserData)]]>
              </value>
            </param>
            <param index="1">
              <value>
                <![CDATA[[Ljava.lang.Object;@1c8f6c66]]>
              </value>
            </param>
          </params>
          <reporter-output>
          </reporter-output>
        </test-method> <!-- setTestName -->
        <test-method signature="testLoginWithJson(models.UserData)[pri:0, instance:tests.UserLoginTest@2b6faea6]" started-at="2026-03-17T14:28:38 ICT" name="testLoginWithJson" data-provider="userData" test-instance-name="testLoginWithJson - Empty password" finished-at="2026-03-17T14:28:38 ICT" duration-ms="446" status="PASS">
          <params>
            <param index="0">
              <value>
                <![CDATA[UserData{username='student', role='user', expectSuccess=false}]]>
              </value>
            </param>
          </params>
          <reporter-output>
          </reporter-output>
        </test-method> <!-- testLoginWithJson -->
        <test-method is-config="true" signature="teardown()[pri:0, instance:tests.UserLoginTest@2b6faea6]" started-at="2026-03-17T14:28:38 ICT" name="teardown" test-instance-name="testLoginWithJson - Empty password" finished-at="2026-03-17T14:28:38 ICT" duration-ms="148" status="PASS">
          <reporter-output>
          </reporter-output>
        </test-method> <!-- teardown -->
        <test-method is-config="true" signature="setup()[pri:0, instance:tests.UserLoginTest@2b6faea6]" started-at="2026-03-17T14:28:38 ICT" name="setup" test-instance-name="testLoginWithJson - Empty password" finished-at="2026-03-17T14:28:41 ICT" duration-ms="2936" status="PASS">
          <reporter-output>
          </reporter-output>
        </test-method> <!-- setup -->
        <test-method is-config="true" signature="setTestName(java.lang.reflect.Method,[Ljava.lang.Object;)[pri:0, instance:tests.UserLoginTest@2b6faea6]" started-at="2026-03-17T14:28:41 ICT" name="setTestName" test-instance-name="testLoginWithJson - Empty password" finished-at="2026-03-17T14:28:41 ICT" duration-ms="1" status="PASS">
          <params>
            <param index="0">
              <value>
                <![CDATA[public void tests.UserLoginTest.testLoginWithJson(models.UserData)]]>
              </value>
            </param>
            <param index="1">
              <value>
                <![CDATA[[Ljava.lang.Object;@552cede7]]>
              </value>
            </param>
          </params>
          <reporter-output>
          </reporter-output>
        </test-method> <!-- setTestName -->
        <test-method signature="testLoginWithJson(models.UserData)[pri:0, instance:tests.UserLoginTest@2b6faea6]" started-at="2026-03-17T14:28:41 ICT" name="testLoginWithJson" data-provider="userData" test-instance-name="testLoginWithJson - Empty password" finished-at="2026-03-17T14:28:41 ICT" duration-ms="276" status="PASS">
          <params>
            <param index="0">
              <value>
                <![CDATA[UserData{username='', role='user', expectSuccess=false}]]>
              </value>
            </param>
          </params>
          <reporter-output>
          </reporter-output>
        </test-method> <!-- testLoginWithJson -->
        <test-method is-config="true" signature="teardown()[pri:0, instance:tests.UserLoginTest@2b6faea6]" started-at="2026-03-17T14:28:41 ICT" name="teardown" test-instance-name="testLoginWithJson - Empty password" finished-at="2026-03-17T14:28:42 ICT" duration-ms="163" status="PASS">
          <reporter-output>
          </reporter-output>
        </test-method> <!-- teardown -->
        <test-method is-config="true" signature="setup()[pri:0, instance:tests.UserLoginTest@2b6faea6]" started-at="2026-03-17T14:28:42 ICT" name="setup" test-instance-name="testLoginWithJson - Empty password" finished-at="2026-03-17T14:28:45 ICT" duration-ms="2969" status="PASS">
          <reporter-output>
          </reporter-output>
        </test-method> <!-- setup -->
        <test-method signature="testLoginWithJson(models.UserData)[pri:0, instance:tests.UserLoginTest@2b6faea6]" started-at="2026-03-17T14:28:45 ICT" name="testLoginWithJson" data-provider="userData" test-instance-name="testLoginWithJson - Empty password" finished-at="2026-03-17T14:28:45 ICT" duration-ms="258" status="PASS">
          <params>
            <param index="0">
              <value>
                <![CDATA[UserData{username='student', role='user', expectSuccess=false}]]>
              </value>
            </param>
          </params>
          <reporter-output>
          </reporter-output>
        </test-method> <!-- testLoginWithJson -->
        <test-method is-config="true" signature="setTestName(java.lang.reflect.Method,[Ljava.lang.Object;)[pri:0, instance:tests.UserLoginTest@2b6faea6]" started-at="2026-03-17T14:28:45 ICT" name="setTestName" test-instance-name="testLoginWithJson - Empty password" finished-at="2026-03-17T14:28:45 ICT" duration-ms="0" status="PASS">
          <params>
            <param index="0">
              <value>
                <![CDATA[public void tests.UserLoginTest.testLoginWithJson(models.UserData)]]>
              </value>
            </param>
            <param index="1">
              <value>
                <![CDATA[[Ljava.lang.Object;@1b7f06c7]]>
              </value>
            </param>
          </params>
          <reporter-output>
          </reporter-output>
        </test-method> <!-- setTestName -->
        <test-method is-config="true" signature="teardown()[pri:0, instance:tests.UserLoginTest@2b6faea6]" started-at="2026-03-17T14:28:45 ICT" name="teardown" test-instance-name="testLoginWithJson - Empty password" finished-at="2026-03-17T14:28:45 ICT" duration-ms="111" status="PASS">
          <reporter-output>
          </reporter-output>
        </test-method> <!-- teardown -->
      </class> <!-- tests.UserLoginTest -->
      <class name="tests.CheckoutTest">
        <test-method is-config="true" signature="setup()[pri:0, instance:tests.CheckoutTest@1e802ef9]" started-at="2026-03-17T14:28:19 ICT" name="setup" finished-at="2026-03-17T14:28:23 ICT" duration-ms="4085" status="PASS">
          <reporter-output>
          </reporter-output>
        </test-method> <!-- setup -->
        <test-method signature="testCheckoutWithRandomData()[pri:0, instance:tests.CheckoutTest@1e802ef9]" started-at="2026-03-17T14:28:23 ICT" name="testCheckoutWithRandomData" finished-at="2026-03-17T14:28:24 ICT" duration-ms="329" status="PASS">
          <reporter-output>
          </reporter-output>
        </test-method> <!-- testCheckoutWithRandomData -->
        <test-method is-config="true" signature="teardown()[pri:0, instance:tests.CheckoutTest@1e802ef9]" started-at="2026-03-17T14:28:24 ICT" name="teardown" finished-at="2026-03-17T14:28:24 ICT" duration-ms="189" status="PASS">
          <reporter-output>
          </reporter-output>
        </test-method> <!-- teardown -->
        <test-method is-config="true" signature="setup()[pri:0, instance:tests.CheckoutTest@1e802ef9]" started-at="2026-03-17T14:28:24 ICT" name="setup" finished-at="2026-03-17T14:28:27 ICT" duration-ms="2917" status="PASS">
          <reporter-output>
          </reporter-output>
        </test-method> <!-- setup -->
        <test-method signature="testCheckoutWithRandomData()[pri:0, instance:tests.CheckoutTest@1e802ef9]" started-at="2026-03-17T14:28:27 ICT" name="testCheckoutWithRandomData" finished-at="2026-03-17T14:28:27 ICT" duration-ms="15" status="PASS">
          <reporter-output>
          </reporter-output>
        </test-method> <!-- testCheckoutWithRandomData -->
        <test-method is-config="true" signature="teardown()[pri:0, instance:tests.CheckoutTest@1e802ef9]" started-at="2026-03-17T14:28:27 ICT" name="teardown" finished-at="2026-03-17T14:28:27 ICT" duration-ms="167" status="PASS">
          <reporter-output>
          </reporter-output>
        </test-method> <!-- teardown -->
      </class> <!-- tests.CheckoutTest -->
    </test> <!-- Surefire test -->
  </suite> <!-- Surefire suite -->
</testng-results>
