<?xml version="1.0" encoding="UTF-8"?>
<!-- Generated by org.testng.reporters.JUnitXMLReporter -->
<testsuite ignored="0" hostname="DESKTOP-O85R3FE" failures="6" tests="6" name="Performance SLA Assertions" time="6.144" errors="0" timestamp="2026-03-24T15:21:11 ICT">
  <testcase classname="com.example.bai5.tests.SlaPerformanceTest" name="shouldMeetSlaForCoreApis" time="2.665">
    <failure type="java.lang.AssertionError" message="Unexpected status for GET /users expected [200] but found [403]">
      <![CDATA[java.lang.AssertionError: Unexpected status for GET /users expected [200] but found [403]
at com.example.bai5.tests.SlaPerformanceTest.executeAndAssertSla(SlaPerformanceTest.java:78)
at com.example.bai5.tests.SlaPerformanceTest.shouldMeetSlaForCoreApis(SlaPerformanceTest.java:40)
at java.base/java.util.ArrayList.forEach(ArrayList.java:1596)
... Removed 35 stack frames]]>
    </failure>
  </testcase> <!-- shouldMeetSlaForCoreApis -->
  <testcase classname="com.example.bai5.tests.SlaPerformanceTest" name="shouldMeetSlaForCoreApis" time="0.208">
    <failure type="java.lang.AssertionError" message="Unexpected status for GET /users/2 expected [200] but found [403]">
      <![CDATA[java.lang.AssertionError: Unexpected status for GET /users/2 expected [200] but found [403]
at com.example.bai5.tests.SlaPerformanceTest.executeAndAssertSla(SlaPerformanceTest.java:78)
at com.example.bai5.tests.SlaPerformanceTest.shouldMeetSlaForCoreApis(SlaPerformanceTest.java:40)
at java.base/java.util.ArrayList.forEach(ArrayList.java:1596)
... Removed 35 stack frames]]>
    </failure>
  </testcase> <!-- shouldMeetSlaForCoreApis -->
  <testcase classname="com.example.bai5.tests.SlaPerformanceTest" name="shouldMeetSlaForCoreApis" time="0.985">
    <failure type="java.lang.AssertionError" message="Unexpected status for POST /users expected [201] but found [403]">
      <![CDATA[java.lang.AssertionError: Unexpected status for POST /users expected [201] but found [403]
at com.example.bai5.tests.SlaPerformanceTest.executeAndAssertSla(SlaPerformanceTest.java:78)
at com.example.bai5.tests.SlaPerformanceTest.shouldMeetSlaForCoreApis(SlaPerformanceTest.java:40)
at java.base/java.util.ArrayList.forEach(ArrayList.java:1596)
... Removed 35 stack frames]]>
    </failure>
  </testcase> <!-- shouldMeetSlaForCoreApis -->
  <testcase classname="com.example.bai5.tests.SlaPerformanceTest" name="shouldMeetSlaForCoreApis" time="0.242">
    <failure type="java.lang.AssertionError" message="Unexpected status for POST /login expected [200] but found [403]">
      <![CDATA[java.lang.AssertionError: Unexpected status for POST /login expected [200] but found [403]
at com.example.bai5.tests.SlaPerformanceTest.executeAndAssertSla(SlaPerformanceTest.java:78)
at com.example.bai5.tests.SlaPerformanceTest.shouldMeetSlaForCoreApis(SlaPerformanceTest.java:40)
at java.base/java.util.ArrayList.forEach(ArrayList.java:1596)
... Removed 35 stack frames]]>
    </failure>
  </testcase> <!-- shouldMeetSlaForCoreApis -->
  <testcase classname="com.example.bai5.tests.SlaPerformanceTest" name="shouldMeetSlaForCoreApis" time="0.213">
    <failure type="java.lang.AssertionError" message="Unexpected status for DELETE /users/2 expected [204] but found [403]">
      <![CDATA[java.lang.AssertionError: Unexpected status for DELETE /users/2 expected [204] but found [403]
at com.example.bai5.tests.SlaPerformanceTest.executeAndAssertSla(SlaPerformanceTest.java:78)
at com.example.bai5.tests.SlaPerformanceTest.shouldMeetSlaForCoreApis(SlaPerformanceTest.java:40)
at java.base/java.util.ArrayList.forEach(ArrayList.java:1596)
... Removed 35 stack frames]]>
    </failure>
  </testcase> <!-- shouldMeetSlaForCoreApis -->
  <testcase classname="com.example.bai5.tests.SlaPerformanceTest" name="shouldMonitorUsersEndpointOverTenConsecutiveRuns" time="0.528">
    <failure type="java.lang.AssertionError" message="Monitoring call should return 200 expected [200] but found [403]">
      <![CDATA[java.lang.AssertionError: Monitoring call should return 200 expected [200] but found [403]
at com.example.bai5.tests.SlaPerformanceTest.shouldMonitorUsersEndpointOverTenConsecutiveRuns(SlaPerformanceTest.java:129)
at java.base/java.util.ArrayList.forEach(ArrayList.java:1596)
... Removed 35 stack frames]]>
    </failure>
  </testcase> <!-- shouldMonitorUsersEndpointOverTenConsecutiveRuns -->
</testsuite> <!-- Performance SLA Assertions -->
