<?xml version="1.0" encoding="UTF-8"?>
<!-- Generated by org.testng.reporters.JUnitReportReporter -->
<testsuite hostname="LAPTOP-C0262QM5" failures="0" tests="25" name="tests.TC_GioHangTest" time="149.876" errors="0" timestamp="2026-03-03T15:40:48 ICT" skipped="0">
  <testcase classname="tests.TC_GioHangTest" name="sauHoanThanhGioHangReset" time="14.899"/>
  <testcase classname="tests.TC_GioHangTest" name="checkoutTrongLastName" time="4.011"/>
  <testcase classname="tests.TC_GioHangTest" name="kiemTraShippingInfo" time="3.967"/>
  <testcase classname="tests.TC_GioHangTest" name="themSanPhamTheoTenKiemTraGio" time="4.055"/>
  <testcase classname="tests.TC_GioHangTest" name="kiemTraVoiProblemUser" time="4.551"/>
  <testcase classname="tests.TC_GioHangTest" name="checkoutTrongFirstName" time="4.065"/>
  <testcase classname="tests.TC_GioHangTest" name="them3SanPham" time="3.685"/>
  <testcase classname="tests.TC_GioHangTest" name="sortTenAZ" time="3.281"/>
  <testcase classname="tests.TC_GioHangTest" name="checkoutThanhCong" time="5.434"/>
  <testcase classname="tests.TC_GioHangTest" name="sortGiaTangDan" time="3.566"/>
  <testcase classname="tests.TC_GioHangTest" name="sortTenZA" time="3.156"/>
  <testcase classname="tests.TC_GioHangTest" name="checkoutTrongTatCa" time="5.207"/>
  <testcase classname="tests.TC_GioHangTest" name="checkoutTrongPostalCode" time="4.775"/>
  <testcase classname="tests.TC_GioHangTest" name="themMotSanPham" time="3.432"/>
  <testcase classname="tests.TC_GioHangTest" name="themNhieuSanPhamKiemTraDanhSach" time="3.370"/>
  <testcase classname="tests.TC_GioHangTest" name="cancelStep1" time="3.214"/>
  <testcase classname="tests.TC_GioHangTest" name="cancelStep2" time="4.108"/>
  <testcase classname="tests.TC_GioHangTest" name="sortGiaGiamDan" time="3.407"/>
  <testcase classname="tests.TC_GioHangTest" name="xoaHetKiemTraCheckoutButton" time="13.774"/>
  <testcase classname="tests.TC_GioHangTest" name="kiemTraTongTien" time="4.550"/>
  <testcase classname="tests.TC_GioHangTest" name="xoaMotSanPham" time="3.774"/>
  <testcase classname="tests.TC_GioHangTest" name="continueShopping" time="4.051"/>
  <testcase classname="tests.TC_GioHangTest" name="themTatCa6SanPham" time="3.566"/>
  <testcase classname="tests.TC_GioHangTest" name="kiemTraTongTienTatCaSanPham" time="4.183"/>
  <testcase classname="tests.TC_GioHangTest" name="xoaHetSanPham" time="33.795"/>
</testsuite> <!-- tests.TC_GioHangTest -->
